java/awt/Point.java
java/awt/Rectangle.java
java/awt/Shape.java
java/awt/geom/Line2D.java
java/awt/geom/Point2D.java
java/awt/geom/Rectangle2D.java
java/awt/geom/RectangularShape.java
java/io/BufferedInputStream.java
java/io/BufferedOutputStream.java
java/io/BufferedReader.java
java/io/BufferedWriter.java
java/io/ByteArrayInputStream.java
java/io/ByteArrayOutputStream.java
java/io/Closeable.java
java/io/DataInput.java
java/io/DataInputStream.java
java/io/DataOutput.java
java/io/DataOutputStream.java
java/io/EOFException.java
java/io/File.java
java/io/FileInputStream.java
java/io/FileNotFoundException.java
java/io/FileOutputStream.java
java/io/FilterInputStream.java
java/io/FilterOutputStream.java
java/io/Flushable.java
java/io/IOException.java
java/io/InputStream.java
java/io/OutputStream.java
java/io/OutputStreamWriter.java
java/io/PrintStream.java
java/io/Reader.java
java/io/Serializable.java
java/io/StringWriter.java
java/io/UnsupportedEncodingException.java
java/io/Writer.java
java/io/InputStreamReader.java
java/lang/ArithmeticException.java
java/lang/ArrayIndexOutOfBoundsException.java
java/lang/ArrayStoreException.java
java/lang/AssertionError.java
java/lang/AutoCloseable.java
java/lang/Boolean.java
java/lang/Byte.java
java/lang/CharSequence.java
java/lang/Character.java
java/lang/ClassCastException.java
java/lang/ClassNotFoundException.java
java/lang/CloneNotSupportedException.java
java/lang/Cloneable.java
java/lang/Comparable.java
java/lang/Double.java
java/lang/Enum.java
java/lang/Error.java
java/lang/Exception.java
java/lang/Float.java
java/lang/IllegalArgumentException.java
java/lang/IllegalMonitorStateException.java
java/lang/IllegalStateException.java
java/lang/IndexOutOfBoundsException.java
java/lang/Integer.java
java/lang/InternalError.java
java/lang/InterruptedException.java
java/lang/Iterable.java
java/lang/Long.java
java/lang/Math.java
java/lang/NegativeArraySizeException.java
java/lang/NoClassDefFoundError.java
java/lang/NoSuchFieldError.java
java/lang/NoSuchMethodError.java
java/lang/NullPointerException.java
java/lang/Number.java
java/lang/NumberFormatException.java
java/lang/OutOfMemoryError.java
java/lang/Runnable.java
java/lang/RuntimeException.java
java/lang/Short.java
java/lang/Shutdown.java
java/lang/StackOverflowError.java
java/lang/StringBuffer.java
java/lang/StringBuilder.java
java/lang/StringIndexOutOfBoundsException.java
java/lang/StringUtils.java
java/lang/ThreadDeath.java
java/lang/UnsupportedOperationException.java
java/lang/VirtualMachineError.java
java/lang/Void.java
java/lang/SecurityException.java
java/lang/String.java
java/lang/Thread.java
java/lang/Throwable.java
java/lang/Class.java
java/lang/Object.java
java/lang/IllegalAccessException.java
java/lang/System.java
java/lang/Runtime.java
java/lang/ref/WeakReference.java
java/lang/ref/Reference.java
java/lang/InstantiationException.java
java/net/NXTSocketOutputStream.java
java/net/NXTSocketUtils.java
java/net/ServerSocket.java
java/net/Socket.java
java/util/AbstractCollection.java
java/util/AbstractList.java
java/util/ArrayList.java
java/util/Arrays.java
java/util/BitSet.java
java/util/Collection.java
java/util/ConcurrentModificationException.java
java/util/EmptyQueueException.java
java/util/EmptyStackException.java
java/util/Enumeration.java
java/util/EventListener.java
java/util/HashMap.java
java/util/HashSet.java
java/util/Iterator.java
java/util/LinkedList.java
java/util/List.java
java/util/ListIterator.java
java/util/Map.java
java/util/NoSuchElementException.java
java/util/Properties.java
java/util/Queue.java
java/util/Random.java
java/util/RandomAccess.java
java/util/Set.java
java/util/Stack.java
java/util/StringTokenizer.java
java/util/Timer.java
java/util/TimerTask.java
java/util/TimeZone.java
java/util/Calendar.java
java/util/Date.java
java/util/Hashtable.java
java/util/Vector.java
