java/lang/ClassCastException.java
java/lang/Class.java
java/lang/NullPointerException.java
java/lang/Thread.java
java/lang/Short.java
java/lang/Double.java
java/lang/Throwable.java
java/lang/Runtime.java
java/lang/IllegalArgumentException.java
java/lang/Object.java
java/lang/ArrayIndexOutOfBoundsException.java
java/lang/Long.java
java/lang/Boolean.java
java/lang/StringBuffer.java
java/lang/Math.java
java/lang/IllegalThreadStateException.java
java/lang/InstantiationException.java
java/lang/OutOfMemoryError.java
java/lang/ArithmeticException.java
java/lang/Byte.java
java/lang/System.java
java/lang/NumberFormatException.java
java/lang/VirtualMachineError.java
java/lang/StringIndexOutOfBoundsException.java
java/lang/FloatingDecimal.java
java/lang/IllegalMonitorStateException.java
java/lang/String.java
java/lang/Runnable.java
java/lang/NegativeArraySizeException.java
java/lang/IndexOutOfBoundsException.java
java/lang/ArrayStoreException.java
java/lang/SecurityException.java
java/lang/InterruptedException.java
java/lang/RuntimeException.java
java/lang/IllegalAccessException.java
java/lang/Integer.java
java/lang/ClassNotFoundException.java
java/lang/NoClassDefFoundError.java
java/lang/Error.java
java/lang/Exception.java
java/lang/Character.java
java/lang/Float.java
java/lang/ref/WeakReference.java
java/lang/ref/Reference.java
java/util/EmptyStackException.java
java/util/Calendar.java
java/util/TimeZone.java
java/util/NoSuchElementException.java
java/util/Hashtable.java
java/util/Enumeration.java
java/util/Date.java
java/util/Random.java
java/util/Vector.java
java/util/Stack.java
-new_mod1
java/util/Timer.java
java/util/TimerTask.java
java/util/StringTokenizer.java
-end
java/io/Writer.java
java/io/ByteArrayOutputStream.java
java/io/Reader.java
java/io/InputStreamReader.java
java/io/OutputStreamWriter.java
java/io/IOException.java
java/io/DataOutputStream.java
java/io/ByteArrayInputStream.java
java/io/UTFDataFormatException.java
java/io/DataOutput.java
java/io/EOFException.java
java/io/OutputStream.java
java/io/InterruptedIOException.java
java/io/DataInputStream.java
java/io/InputStream.java
java/io/PrintStream.java
java/io/DataInput.java
java/io/UnsupportedEncodingException.java
-new
java/io/File.java
java/io/FileInputStream.java
java/io/FileOutputStream.java
java/io/FileDescriptor.java
java/io/FileFilter.java
java/io/FilenameFilter.java
java/io/FileNotFoundException.java